<?xml version="1.0" encoding="UTF-8"?>
<!-- Generated by org.testng.reporters.JUnitReportReporter -->
<testsuite hostname="nagarwal" failures="0" tests="4" name="testcases.BaseTest" time="2.876" errors="0" timestamp="2023-11-26T23:57:42 IST" skipped="0">
  <testcase classname="testcases.BaseTest" name="verifyIfTheApplicationLaunchSuccessfully" time="0.029"/>
  <system-out/>
  <testcase classname="testcases.BaseTest" name="verifyIfTheProductDisplayOnHomePage" time="0.024"/>
  <system-out/>
  <testcase classname="testcases.BaseTest" name="verifyIfAddCartButtonIsAvailableOnProduct" time="1.177"/>
  <system-out/>
  <testcase classname="testcases.BaseTest" name="verifyClickingOnProductRedirectsOnDetailPage" time="1.646"/>
  <system-out/>
</testsuite> <!-- testcases.BaseTest -->
